[0.006s] Invoking command in '/home/poonam/object_detection/build/turtlebot4_ignition_bringup': AMENT_PREFIX_PATH=/home/poonam/object_detection/install/turtlebot4_ignition_toolbox:/home/poonam/object_detection/install/turtlebot4_ignition_gui_plugins:${AMENT_PREFIX_PATH} CMAKE_PREFIX_PATH=/home/poonam/object_detection/install/turtlebot4_ignition_toolbox:/home/poonam/object_detection/install/turtlebot4_ignition_gui_plugins:/opt/ros/humble /usr/bin/cmake /home/poonam/object_detection/src/turtlebot4_simulator/turtlebot4_ignition_bringup -DCMAKE_INSTALL_PREFIX=/home/poonam/object_detection/install/turtlebot4_ignition_bringup
[0.045s] -- The C compiler identification is GNU 11.4.0
[0.086s] -- The CXX compiler identification is GNU 11.4.0
[0.091s] -- Detecting C compiler ABI info
[0.142s] -- Detecting C compiler ABI info - done
[0.147s] -- Check for working C compiler: /usr/bin/cc - skipped
[0.147s] -- Detecting C compile features
[0.147s] -- Detecting C compile features - done
[0.149s] -- Detecting CXX compiler ABI info
[0.204s] -- Detecting CXX compiler ABI info - done
[0.209s] -- Check for working CXX compiler: /usr/bin/c++ - skipped
[0.209s] -- Detecting CXX compile features
[0.209s] -- Detecting CXX compile features - done
[0.212s] -- Found ament_cmake: 1.3.11 (/opt/ros/humble/share/ament_cmake/cmake)
[0.316s] -- Found Python3: /usr/bin/python3 (found version "3.10.12") found components: Interpreter 
[0.382s] -- Found ros_ign_interfaces: 0.244.16 (/opt/ros/humble/share/ros_ign_interfaces/cmake)
[0.408s] -- Found rosidl_generator_c: 3.1.6 (/opt/ros/humble/share/rosidl_generator_c/cmake)
[0.413s] -- Found rosidl_adapter: 3.1.6 (/opt/ros/humble/share/rosidl_adapter/cmake)
[0.419s] -- Found rosidl_generator_cpp: 3.1.6 (/opt/ros/humble/share/rosidl_generator_cpp/cmake)
[0.427s] -- Using all available rosidl_typesupport_c: rosidl_typesupport_fastrtps_c;rosidl_typesupport_introspection_c
[0.438s] -- Using all available rosidl_typesupport_cpp: rosidl_typesupport_fastrtps_cpp;rosidl_typesupport_introspection_cpp
[0.507s] -- Found ament_lint_auto: 0.12.11 (/opt/ros/humble/share/ament_lint_auto/cmake)
[0.563s] -- Added test 'copyright' to check source files copyright and LICENSE
[0.565s] -- Added test 'flake8' to check Python code syntax and style conventions
[0.565s] -- Added test 'lint_cmake' to check CMake code style
[0.566s] -- Added test 'pep257' to check Python code against some of the docstring style conventions in PEP 257
[0.566s] -- Added test 'xmllint' to check XML markup files
[0.567s] -- Configuring done
[0.569s] -- Generating done
[0.570s] -- Build files have been written to: /home/poonam/object_detection/build/turtlebot4_ignition_bringup
[0.576s] Invoked command in '/home/poonam/object_detection/build/turtlebot4_ignition_bringup' returned '0': AMENT_PREFIX_PATH=/home/poonam/object_detection/install/turtlebot4_ignition_toolbox:/home/poonam/object_detection/install/turtlebot4_ignition_gui_plugins:${AMENT_PREFIX_PATH} CMAKE_PREFIX_PATH=/home/poonam/object_detection/install/turtlebot4_ignition_toolbox:/home/poonam/object_detection/install/turtlebot4_ignition_gui_plugins:/opt/ros/humble /usr/bin/cmake /home/poonam/object_detection/src/turtlebot4_simulator/turtlebot4_ignition_bringup -DCMAKE_INSTALL_PREFIX=/home/poonam/object_detection/install/turtlebot4_ignition_bringup
[0.576s] Invoking command in '/home/poonam/object_detection/build/turtlebot4_ignition_bringup': AMENT_PREFIX_PATH=/home/poonam/object_detection/install/turtlebot4_ignition_toolbox:/home/poonam/object_detection/install/turtlebot4_ignition_gui_plugins:${AMENT_PREFIX_PATH} CMAKE_PREFIX_PATH=/home/poonam/object_detection/install/turtlebot4_ignition_toolbox:/home/poonam/object_detection/install/turtlebot4_ignition_gui_plugins:/opt/ros/humble /usr/bin/cmake --build /home/poonam/object_detection/build/turtlebot4_ignition_bringup -- -j8 -l8
[0.608s] Invoked command in '/home/poonam/object_detection/build/turtlebot4_ignition_bringup' returned '0': AMENT_PREFIX_PATH=/home/poonam/object_detection/install/turtlebot4_ignition_toolbox:/home/poonam/object_detection/install/turtlebot4_ignition_gui_plugins:${AMENT_PREFIX_PATH} CMAKE_PREFIX_PATH=/home/poonam/object_detection/install/turtlebot4_ignition_toolbox:/home/poonam/object_detection/install/turtlebot4_ignition_gui_plugins:/opt/ros/humble /usr/bin/cmake --build /home/poonam/object_detection/build/turtlebot4_ignition_bringup -- -j8 -l8
[0.610s] Invoking command in '/home/poonam/object_detection/build/turtlebot4_ignition_bringup': AMENT_PREFIX_PATH=/home/poonam/object_detection/install/turtlebot4_ignition_toolbox:/home/poonam/object_detection/install/turtlebot4_ignition_gui_plugins:${AMENT_PREFIX_PATH} CMAKE_PREFIX_PATH=/home/poonam/object_detection/install/turtlebot4_ignition_toolbox:/home/poonam/object_detection/install/turtlebot4_ignition_gui_plugins:/opt/ros/humble /usr/bin/cmake --install /home/poonam/object_detection/build/turtlebot4_ignition_bringup
[0.616s] -- Install configuration: ""
[0.616s] -- Installing: /home/poonam/object_detection/install/turtlebot4_ignition_bringup/share/turtlebot4_ignition_bringup/config
[0.616s] -- Installing: /home/poonam/object_detection/install/turtlebot4_ignition_bringup/share/turtlebot4_ignition_bringup/config/turtlebot4_node.yaml
[0.616s] -- Installing: /home/poonam/object_detection/install/turtlebot4_ignition_bringup/share/turtlebot4_ignition_bringup/gui
[0.616s] -- Installing: /home/poonam/object_detection/install/turtlebot4_ignition_bringup/share/turtlebot4_ignition_bringup/gui/lite
[0.616s] -- Installing: /home/poonam/object_detection/install/turtlebot4_ignition_bringup/share/turtlebot4_ignition_bringup/gui/lite/gui.config
[0.616s] -- Installing: /home/poonam/object_detection/install/turtlebot4_ignition_bringup/share/turtlebot4_ignition_bringup/gui/standard
[0.616s] -- Installing: /home/poonam/object_detection/install/turtlebot4_ignition_bringup/share/turtlebot4_ignition_bringup/gui/standard/gui.config
[0.616s] -- Installing: /home/poonam/object_detection/install/turtlebot4_ignition_bringup/share/turtlebot4_ignition_bringup/launch
[0.617s] -- Installing: /home/poonam/object_detection/install/turtlebot4_ignition_bringup/share/turtlebot4_ignition_bringup/launch/ignition.launch.py
[0.617s] -- Installing: /home/poonam/object_detection/install/turtlebot4_ignition_bringup/share/turtlebot4_ignition_bringup/launch/ros_ign_bridge.launch.py
[0.617s] -- Installing: /home/poonam/object_detection/install/turtlebot4_ignition_bringup/share/turtlebot4_ignition_bringup/launch/turtlebot4_nodes.launch.py
[0.617s] -- Installing: /home/poonam/object_detection/install/turtlebot4_ignition_bringup/share/turtlebot4_ignition_bringup/launch/turtlebot4_ignition.launch.py
[0.617s] -- Installing: /home/poonam/object_detection/install/turtlebot4_ignition_bringup/share/turtlebot4_ignition_bringup/launch/turtlebot4_spawn.launch.py
[0.617s] -- Installing: /home/poonam/object_detection/install/turtlebot4_ignition_bringup/share/turtlebot4_ignition_bringup/worlds
[0.617s] -- Installing: /home/poonam/object_detection/install/turtlebot4_ignition_bringup/share/turtlebot4_ignition_bringup/worlds/warehouse.sdf
[0.617s] -- Installing: /home/poonam/object_detection/install/turtlebot4_ignition_bringup/share/turtlebot4_ignition_bringup/worlds/maze.sdf
[0.617s] -- Installing: /home/poonam/object_detection/install/turtlebot4_ignition_bringup/share/turtlebot4_ignition_bringup/worlds/depot.sdf
[0.617s] -- Installing: /home/poonam/object_detection/install/turtlebot4_ignition_bringup/share/ament_index/resource_index/package_run_dependencies/turtlebot4_ignition_bringup
[0.617s] -- Installing: /home/poonam/object_detection/install/turtlebot4_ignition_bringup/share/ament_index/resource_index/parent_prefix_path/turtlebot4_ignition_bringup
[0.617s] -- Installing: /home/poonam/object_detection/install/turtlebot4_ignition_bringup/share/turtlebot4_ignition_bringup/environment/ament_prefix_path.sh
[0.617s] -- Installing: /home/poonam/object_detection/install/turtlebot4_ignition_bringup/share/turtlebot4_ignition_bringup/environment/ament_prefix_path.dsv
[0.617s] -- Installing: /home/poonam/object_detection/install/turtlebot4_ignition_bringup/share/turtlebot4_ignition_bringup/environment/path.sh
[0.618s] -- Installing: /home/poonam/object_detection/install/turtlebot4_ignition_bringup/share/turtlebot4_ignition_bringup/environment/path.dsv
[0.618s] -- Installing: /home/poonam/object_detection/install/turtlebot4_ignition_bringup/share/turtlebot4_ignition_bringup/local_setup.bash
[0.618s] -- Installing: /home/poonam/object_detection/install/turtlebot4_ignition_bringup/share/turtlebot4_ignition_bringup/local_setup.sh
[0.618s] -- Installing: /home/poonam/object_detection/install/turtlebot4_ignition_bringup/share/turtlebot4_ignition_bringup/local_setup.zsh
[0.618s] -- Installing: /home/poonam/object_detection/install/turtlebot4_ignition_bringup/share/turtlebot4_ignition_bringup/local_setup.dsv
[0.618s] -- Installing: /home/poonam/object_detection/install/turtlebot4_ignition_bringup/share/turtlebot4_ignition_bringup/package.dsv
[0.618s] -- Installing: /home/poonam/object_detection/install/turtlebot4_ignition_bringup/share/ament_index/resource_index/packages/turtlebot4_ignition_bringup
[0.618s] -- Installing: /home/poonam/object_detection/install/turtlebot4_ignition_bringup/share/turtlebot4_ignition_bringup/cmake/turtlebot4_ignition_bringupConfig.cmake
[0.618s] -- Installing: /home/poonam/object_detection/install/turtlebot4_ignition_bringup/share/turtlebot4_ignition_bringup/cmake/turtlebot4_ignition_bringupConfig-version.cmake
[0.618s] -- Installing: /home/poonam/object_detection/install/turtlebot4_ignition_bringup/share/turtlebot4_ignition_bringup/package.xml
[0.620s] Invoked command in '/home/poonam/object_detection/build/turtlebot4_ignition_bringup' returned '0': AMENT_PREFIX_PATH=/home/poonam/object_detection/install/turtlebot4_ignition_toolbox:/home/poonam/object_detection/install/turtlebot4_ignition_gui_plugins:${AMENT_PREFIX_PATH} CMAKE_PREFIX_PATH=/home/poonam/object_detection/install/turtlebot4_ignition_toolbox:/home/poonam/object_detection/install/turtlebot4_ignition_gui_plugins:/opt/ros/humble /usr/bin/cmake --install /home/poonam/object_detection/build/turtlebot4_ignition_bringup
