[0.186s] DEBUG:colcon:Command line arguments: ['/usr/bin/colcon', 'build']
[0.186s] DEBUG:colcon:Parsed command line arguments: Namespace(log_base=None, log_level=None, verb_name='build', build_base='build', install_base='install', merge_install=False, symlink_install=False, test_result_base=None, continue_on_error=False, executor='parallel', parallel_workers=8, event_handlers=None, ignore_user_meta=False, metas=['./colcon.meta'], base_paths=['.'], packages_ignore=None, packages_ignore_regex=None, paths=None, packages_up_to=None, packages_up_to_regex=None, packages_above=None, packages_above_and_dependencies=None, packages_above_depth=None, packages_select_by_dep=None, packages_skip_by_dep=None, packages_skip_up_to=None, packages_select_build_failed=False, packages_skip_build_finished=False, packages_select_test_failures=False, packages_skip_test_passed=False, packages_select=None, packages_skip=None, packages_select_regex=None, packages_skip_regex=None, packages_start=None, packages_end=None, allow_overriding=[], cmake_args=None, cmake_target=None, cmake_target_skip_unavailable=False, cmake_clean_cache=False, cmake_clean_first=False, cmake_force_configure=False, ament_cmake_args=None, catkin_cmake_args=None, catkin_skip_building_tests=False, mixin_files=None, mixin=None, verb_parser=<colcon_mixin.mixin.mixin_argument.MixinArgumentDecorator object at 0x737958866890>, verb_extension=<colcon_core.verb.build.BuildVerb object at 0x737958866320>, main=<bound method BuildVerb.main of <colcon_core.verb.build.BuildVerb object at 0x737958866320>>, mixin_verb=('build',))
[0.365s] Level 1:colcon.colcon_core.package_discovery:discover_packages(colcon_meta) check parameters
[0.365s] Level 1:colcon.colcon_core.package_discovery:discover_packages(recursive) check parameters
[0.365s] Level 1:colcon.colcon_core.package_discovery:discover_packages(ignore) check parameters
[0.365s] Level 1:colcon.colcon_core.package_discovery:discover_packages(path) check parameters
[0.365s] Level 1:colcon.colcon_core.package_discovery:discover_packages(colcon_meta) discover
[0.365s] Level 1:colcon.colcon_core.package_discovery:discover_packages(recursive) discover
[0.365s] INFO:colcon.colcon_core.package_discovery:Crawling recursively for packages in '/home/poonam/object_detection'
[0.365s] Level 1:colcon.colcon_core.package_identification:_identify(.) by extensions ['ignore', 'ignore_ament_install']
[0.365s] Level 1:colcon.colcon_core.package_identification:_identify(.) by extension 'ignore'
[0.365s] Level 1:colcon.colcon_core.package_identification:_identify(.) by extension 'ignore_ament_install'
[0.365s] Level 1:colcon.colcon_core.package_identification:_identify(.) by extensions ['colcon_pkg']
[0.365s] Level 1:colcon.colcon_core.package_identification:_identify(.) by extension 'colcon_pkg'
[0.365s] Level 1:colcon.colcon_core.package_identification:_identify(.) by extensions ['colcon_meta']
[0.365s] Level 1:colcon.colcon_core.package_identification:_identify(.) by extension 'colcon_meta'
[0.365s] Level 1:colcon.colcon_core.package_identification:_identify(.) by extensions ['ros']
[0.365s] Level 1:colcon.colcon_core.package_identification:_identify(.) by extension 'ros'
[0.381s] Level 1:colcon.colcon_core.package_identification:_identify(.) by extensions ['cmake', 'python']
[0.381s] Level 1:colcon.colcon_core.package_identification:_identify(.) by extension 'cmake'
[0.381s] Level 1:colcon.colcon_core.package_identification:_identify(.) by extension 'python'
[0.381s] Level 1:colcon.colcon_core.package_identification:_identify(.) by extensions ['python_setup_py']
[0.381s] Level 1:colcon.colcon_core.package_identification:_identify(.) by extension 'python_setup_py'
[0.381s] Level 1:colcon.colcon_core.package_identification:_identify(build) by extensions ['ignore', 'ignore_ament_install']
[0.381s] Level 1:colcon.colcon_core.package_identification:_identify(build) by extension 'ignore'
[0.381s] Level 1:colcon.colcon_core.package_identification:_identify(build) ignored
[0.381s] Level 1:colcon.colcon_core.package_identification:_identify(install) by extensions ['ignore', 'ignore_ament_install']
[0.381s] Level 1:colcon.colcon_core.package_identification:_identify(install) by extension 'ignore'
[0.381s] Level 1:colcon.colcon_core.package_identification:_identify(install) ignored
[0.381s] Level 1:colcon.colcon_core.package_identification:_identify(log) by extensions ['ignore', 'ignore_ament_install']
[0.381s] Level 1:colcon.colcon_core.package_identification:_identify(log) by extension 'ignore'
[0.381s] Level 1:colcon.colcon_core.package_identification:_identify(log) ignored
[0.381s] Level 1:colcon.colcon_core.package_identification:_identify(src) by extensions ['ignore', 'ignore_ament_install']
[0.381s] Level 1:colcon.colcon_core.package_identification:_identify(src) by extension 'ignore'
[0.381s] Level 1:colcon.colcon_core.package_identification:_identify(src) by extension 'ignore_ament_install'
[0.381s] Level 1:colcon.colcon_core.package_identification:_identify(src) by extensions ['colcon_pkg']
[0.381s] Level 1:colcon.colcon_core.package_identification:_identify(src) by extension 'colcon_pkg'
[0.381s] Level 1:colcon.colcon_core.package_identification:_identify(src) by extensions ['colcon_meta']
[0.381s] Level 1:colcon.colcon_core.package_identification:_identify(src) by extension 'colcon_meta'
[0.381s] Level 1:colcon.colcon_core.package_identification:_identify(src) by extensions ['ros']
[0.381s] Level 1:colcon.colcon_core.package_identification:_identify(src) by extension 'ros'
[0.381s] Level 1:colcon.colcon_core.package_identification:_identify(src) by extensions ['cmake', 'python']
[0.381s] Level 1:colcon.colcon_core.package_identification:_identify(src) by extension 'cmake'
[0.381s] Level 1:colcon.colcon_core.package_identification:_identify(src) by extension 'python'
[0.381s] Level 1:colcon.colcon_core.package_identification:_identify(src) by extensions ['python_setup_py']
[0.381s] Level 1:colcon.colcon_core.package_identification:_identify(src) by extension 'python_setup_py'
[0.382s] Level 1:colcon.colcon_core.package_identification:_identify(src/object_detection) by extensions ['ignore', 'ignore_ament_install']
[0.382s] Level 1:colcon.colcon_core.package_identification:_identify(src/object_detection) by extension 'ignore'
[0.382s] Level 1:colcon.colcon_core.package_identification:_identify(src/object_detection) by extension 'ignore_ament_install'
[0.382s] Level 1:colcon.colcon_core.package_identification:_identify(src/object_detection) by extensions ['colcon_pkg']
[0.382s] Level 1:colcon.colcon_core.package_identification:_identify(src/object_detection) by extension 'colcon_pkg'
[0.382s] Level 1:colcon.colcon_core.package_identification:_identify(src/object_detection) by extensions ['colcon_meta']
[0.382s] Level 1:colcon.colcon_core.package_identification:_identify(src/object_detection) by extension 'colcon_meta'
[0.382s] Level 1:colcon.colcon_core.package_identification:_identify(src/object_detection) by extensions ['ros']
[0.382s] Level 1:colcon.colcon_core.package_identification:_identify(src/object_detection) by extension 'ros'
[0.384s] DEBUG:colcon.colcon_core.package_identification:Package 'src/object_detection' with type 'ros.ament_python' and name 'object_detection'
[0.384s] Level 1:colcon.colcon_core.package_identification:_identify(src/turtlebot4_simulator) by extensions ['ignore', 'ignore_ament_install']
[0.384s] Level 1:colcon.colcon_core.package_identification:_identify(src/turtlebot4_simulator) by extension 'ignore'
[0.384s] Level 1:colcon.colcon_core.package_identification:_identify(src/turtlebot4_simulator) by extension 'ignore_ament_install'
[0.384s] Level 1:colcon.colcon_core.package_identification:_identify(src/turtlebot4_simulator) by extensions ['colcon_pkg']
[0.384s] Level 1:colcon.colcon_core.package_identification:_identify(src/turtlebot4_simulator) by extension 'colcon_pkg'
[0.384s] Level 1:colcon.colcon_core.package_identification:_identify(src/turtlebot4_simulator) by extensions ['colcon_meta']
[0.384s] Level 1:colcon.colcon_core.package_identification:_identify(src/turtlebot4_simulator) by extension 'colcon_meta'
[0.384s] Level 1:colcon.colcon_core.package_identification:_identify(src/turtlebot4_simulator) by extensions ['ros']
[0.384s] Level 1:colcon.colcon_core.package_identification:_identify(src/turtlebot4_simulator) by extension 'ros'
[0.384s] Level 1:colcon.colcon_core.package_identification:_identify(src/turtlebot4_simulator) by extensions ['cmake', 'python']
[0.384s] Level 1:colcon.colcon_core.package_identification:_identify(src/turtlebot4_simulator) by extension 'cmake'
[0.384s] Level 1:colcon.colcon_core.package_identification:_identify(src/turtlebot4_simulator) by extension 'python'
[0.384s] Level 1:colcon.colcon_core.package_identification:_identify(src/turtlebot4_simulator) by extensions ['python_setup_py']
[0.384s] Level 1:colcon.colcon_core.package_identification:_identify(src/turtlebot4_simulator) by extension 'python_setup_py'
[0.384s] Level 1:colcon.colcon_core.package_identification:_identify(src/turtlebot4_simulator/turtlebot4_ignition_bringup) by extensions ['ignore', 'ignore_ament_install']
[0.385s] Level 1:colcon.colcon_core.package_identification:_identify(src/turtlebot4_simulator/turtlebot4_ignition_bringup) by extension 'ignore'
[0.385s] Level 1:colcon.colcon_core.package_identification:_identify(src/turtlebot4_simulator/turtlebot4_ignition_bringup) by extension 'ignore_ament_install'
[0.385s] Level 1:colcon.colcon_core.package_identification:_identify(src/turtlebot4_simulator/turtlebot4_ignition_bringup) by extensions ['colcon_pkg']
[0.385s] Level 1:colcon.colcon_core.package_identification:_identify(src/turtlebot4_simulator/turtlebot4_ignition_bringup) by extension 'colcon_pkg'
[0.385s] Level 1:colcon.colcon_core.package_identification:_identify(src/turtlebot4_simulator/turtlebot4_ignition_bringup) by extensions ['colcon_meta']
[0.385s] Level 1:colcon.colcon_core.package_identification:_identify(src/turtlebot4_simulator/turtlebot4_ignition_bringup) by extension 'colcon_meta'
[0.385s] Level 1:colcon.colcon_core.package_identification:_identify(src/turtlebot4_simulator/turtlebot4_ignition_bringup) by extensions ['ros']
[0.385s] Level 1:colcon.colcon_core.package_identification:_identify(src/turtlebot4_simulator/turtlebot4_ignition_bringup) by extension 'ros'
[0.386s] DEBUG:colcon.colcon_core.package_identification:Package 'src/turtlebot4_simulator/turtlebot4_ignition_bringup' with type 'ros.ament_cmake' and name 'turtlebot4_ignition_bringup'
[0.386s] Level 1:colcon.colcon_core.package_identification:_identify(src/turtlebot4_simulator/turtlebot4_ignition_gui_plugins) by extensions ['ignore', 'ignore_ament_install']
[0.386s] Level 1:colcon.colcon_core.package_identification:_identify(src/turtlebot4_simulator/turtlebot4_ignition_gui_plugins) by extension 'ignore'
[0.386s] Level 1:colcon.colcon_core.package_identification:_identify(src/turtlebot4_simulator/turtlebot4_ignition_gui_plugins) by extension 'ignore_ament_install'
[0.386s] Level 1:colcon.colcon_core.package_identification:_identify(src/turtlebot4_simulator/turtlebot4_ignition_gui_plugins) by extensions ['colcon_pkg']
[0.386s] Level 1:colcon.colcon_core.package_identification:_identify(src/turtlebot4_simulator/turtlebot4_ignition_gui_plugins) by extension 'colcon_pkg'
[0.386s] Level 1:colcon.colcon_core.package_identification:_identify(src/turtlebot4_simulator/turtlebot4_ignition_gui_plugins) by extensions ['colcon_meta']
[0.386s] Level 1:colcon.colcon_core.package_identification:_identify(src/turtlebot4_simulator/turtlebot4_ignition_gui_plugins) by extension 'colcon_meta'
[0.386s] Level 1:colcon.colcon_core.package_identification:_identify(src/turtlebot4_simulator/turtlebot4_ignition_gui_plugins) by extensions ['ros']
[0.386s] Level 1:colcon.colcon_core.package_identification:_identify(src/turtlebot4_simulator/turtlebot4_ignition_gui_plugins) by extension 'ros'
[0.387s] DEBUG:colcon.colcon_core.package_identification:Package 'src/turtlebot4_simulator/turtlebot4_ignition_gui_plugins' with type 'ros.ament_cmake' and name 'turtlebot4_ignition_gui_plugins'
[0.387s] Level 1:colcon.colcon_core.package_identification:_identify(src/turtlebot4_simulator/turtlebot4_ignition_toolbox) by extensions ['ignore', 'ignore_ament_install']
[0.387s] Level 1:colcon.colcon_core.package_identification:_identify(src/turtlebot4_simulator/turtlebot4_ignition_toolbox) by extension 'ignore'
[0.387s] Level 1:colcon.colcon_core.package_identification:_identify(src/turtlebot4_simulator/turtlebot4_ignition_toolbox) by extension 'ignore_ament_install'
[0.387s] Level 1:colcon.colcon_core.package_identification:_identify(src/turtlebot4_simulator/turtlebot4_ignition_toolbox) by extensions ['colcon_pkg']
[0.387s] Level 1:colcon.colcon_core.package_identification:_identify(src/turtlebot4_simulator/turtlebot4_ignition_toolbox) by extension 'colcon_pkg'
[0.387s] Level 1:colcon.colcon_core.package_identification:_identify(src/turtlebot4_simulator/turtlebot4_ignition_toolbox) by extensions ['colcon_meta']
[0.387s] Level 1:colcon.colcon_core.package_identification:_identify(src/turtlebot4_simulator/turtlebot4_ignition_toolbox) by extension 'colcon_meta'
[0.387s] Level 1:colcon.colcon_core.package_identification:_identify(src/turtlebot4_simulator/turtlebot4_ignition_toolbox) by extensions ['ros']
[0.387s] Level 1:colcon.colcon_core.package_identification:_identify(src/turtlebot4_simulator/turtlebot4_ignition_toolbox) by extension 'ros'
[0.388s] DEBUG:colcon.colcon_core.package_identification:Package 'src/turtlebot4_simulator/turtlebot4_ignition_toolbox' with type 'ros.ament_cmake' and name 'turtlebot4_ignition_toolbox'
[0.388s] Level 1:colcon.colcon_core.package_identification:_identify(src/turtlebot4_simulator/turtlebot4_simulator) by extensions ['ignore', 'ignore_ament_install']
[0.388s] Level 1:colcon.colcon_core.package_identification:_identify(src/turtlebot4_simulator/turtlebot4_simulator) by extension 'ignore'
[0.388s] Level 1:colcon.colcon_core.package_identification:_identify(src/turtlebot4_simulator/turtlebot4_simulator) by extension 'ignore_ament_install'
[0.388s] Level 1:colcon.colcon_core.package_identification:_identify(src/turtlebot4_simulator/turtlebot4_simulator) by extensions ['colcon_pkg']
[0.388s] Level 1:colcon.colcon_core.package_identification:_identify(src/turtlebot4_simulator/turtlebot4_simulator) by extension 'colcon_pkg'
[0.388s] Level 1:colcon.colcon_core.package_identification:_identify(src/turtlebot4_simulator/turtlebot4_simulator) by extensions ['colcon_meta']
[0.388s] Level 1:colcon.colcon_core.package_identification:_identify(src/turtlebot4_simulator/turtlebot4_simulator) by extension 'colcon_meta'
[0.388s] Level 1:colcon.colcon_core.package_identification:_identify(src/turtlebot4_simulator/turtlebot4_simulator) by extensions ['ros']
[0.388s] Level 1:colcon.colcon_core.package_identification:_identify(src/turtlebot4_simulator/turtlebot4_simulator) by extension 'ros'
[0.388s] DEBUG:colcon.colcon_core.package_identification:Package 'src/turtlebot4_simulator/turtlebot4_simulator' with type 'ros.ament_cmake' and name 'turtlebot4_simulator'
[0.388s] Level 1:colcon.colcon_core.package_discovery:discover_packages(recursive) using defaults
[0.388s] Level 1:colcon.colcon_core.package_discovery:discover_packages(ignore) discover
[0.388s] Level 1:colcon.colcon_core.package_discovery:discover_packages(ignore) using defaults
[0.388s] Level 1:colcon.colcon_core.package_discovery:discover_packages(path) discover
[0.388s] Level 1:colcon.colcon_core.package_discovery:discover_packages(path) using defaults
[0.408s] Level 1:colcon.colcon_core.package_discovery:discover_packages(prefix_path) check parameters
[0.408s] Level 1:colcon.colcon_core.package_discovery:discover_packages(prefix_path) discover
[0.410s] DEBUG:colcon.colcon_installed_package_information.package_discovery:Found 513 installed packages in /opt/ros/humble
[0.412s] Level 1:colcon.colcon_core.package_discovery:discover_packages(prefix_path) using defaults
[0.448s] Level 5:colcon.colcon_core.verb:set package 'object_detection' build argument 'cmake_args' from command line to 'None'
[0.448s] Level 5:colcon.colcon_core.verb:set package 'object_detection' build argument 'cmake_target' from command line to 'None'
[0.448s] Level 5:colcon.colcon_core.verb:set package 'object_detection' build argument 'cmake_target_skip_unavailable' from command line to 'False'
[0.448s] Level 5:colcon.colcon_core.verb:set package 'object_detection' build argument 'cmake_clean_cache' from command line to 'False'
[0.448s] Level 5:colcon.colcon_core.verb:set package 'object_detection' build argument 'cmake_clean_first' from command line to 'False'
[0.448s] Level 5:colcon.colcon_core.verb:set package 'object_detection' build argument 'cmake_force_configure' from command line to 'False'
[0.448s] Level 5:colcon.colcon_core.verb:set package 'object_detection' build argument 'ament_cmake_args' from command line to 'None'
[0.448s] Level 5:colcon.colcon_core.verb:set package 'object_detection' build argument 'catkin_cmake_args' from command line to 'None'
[0.448s] Level 5:colcon.colcon_core.verb:set package 'object_detection' build argument 'catkin_skip_building_tests' from command line to 'False'
[0.448s] DEBUG:colcon.colcon_core.verb:Building package 'object_detection' with the following arguments: {'ament_cmake_args': None, 'build_base': '/home/poonam/object_detection/build/object_detection', 'catkin_cmake_args': None, 'catkin_skip_building_tests': False, 'cmake_args': None, 'cmake_clean_cache': False, 'cmake_clean_first': False, 'cmake_force_configure': False, 'cmake_target': None, 'cmake_target_skip_unavailable': False, 'install_base': '/home/poonam/object_detection/install/object_detection', 'merge_install': False, 'path': '/home/poonam/object_detection/src/object_detection', 'symlink_install': False, 'test_result_base': None}
[0.449s] Level 5:colcon.colcon_core.verb:set package 'turtlebot4_ignition_gui_plugins' build argument 'cmake_args' from command line to 'None'
[0.449s] Level 5:colcon.colcon_core.verb:set package 'turtlebot4_ignition_gui_plugins' build argument 'cmake_target' from command line to 'None'
[0.449s] Level 5:colcon.colcon_core.verb:set package 'turtlebot4_ignition_gui_plugins' build argument 'cmake_target_skip_unavailable' from command line to 'False'
[0.449s] Level 5:colcon.colcon_core.verb:set package 'turtlebot4_ignition_gui_plugins' build argument 'cmake_clean_cache' from command line to 'False'
[0.449s] Level 5:colcon.colcon_core.verb:set package 'turtlebot4_ignition_gui_plugins' build argument 'cmake_clean_first' from command line to 'False'
[0.449s] Level 5:colcon.colcon_core.verb:set package 'turtlebot4_ignition_gui_plugins' build argument 'cmake_force_configure' from command line to 'False'
[0.449s] Level 5:colcon.colcon_core.verb:set package 'turtlebot4_ignition_gui_plugins' build argument 'ament_cmake_args' from command line to 'None'
[0.449s] Level 5:colcon.colcon_core.verb:set package 'turtlebot4_ignition_gui_plugins' build argument 'catkin_cmake_args' from command line to 'None'
[0.449s] Level 5:colcon.colcon_core.verb:set package 'turtlebot4_ignition_gui_plugins' build argument 'catkin_skip_building_tests' from command line to 'False'
[0.449s] DEBUG:colcon.colcon_core.verb:Building package 'turtlebot4_ignition_gui_plugins' with the following arguments: {'ament_cmake_args': None, 'build_base': '/home/poonam/object_detection/build/turtlebot4_ignition_gui_plugins', 'catkin_cmake_args': None, 'catkin_skip_building_tests': False, 'cmake_args': None, 'cmake_clean_cache': False, 'cmake_clean_first': False, 'cmake_force_configure': False, 'cmake_target': None, 'cmake_target_skip_unavailable': False, 'install_base': '/home/poonam/object_detection/install/turtlebot4_ignition_gui_plugins', 'merge_install': False, 'path': '/home/poonam/object_detection/src/turtlebot4_simulator/turtlebot4_ignition_gui_plugins', 'symlink_install': False, 'test_result_base': None}
[0.449s] Level 5:colcon.colcon_core.verb:set package 'turtlebot4_ignition_toolbox' build argument 'cmake_args' from command line to 'None'
[0.449s] Level 5:colcon.colcon_core.verb:set package 'turtlebot4_ignition_toolbox' build argument 'cmake_target' from command line to 'None'
[0.449s] Level 5:colcon.colcon_core.verb:set package 'turtlebot4_ignition_toolbox' build argument 'cmake_target_skip_unavailable' from command line to 'False'
[0.449s] Level 5:colcon.colcon_core.verb:set package 'turtlebot4_ignition_toolbox' build argument 'cmake_clean_cache' from command line to 'False'
[0.449s] Level 5:colcon.colcon_core.verb:set package 'turtlebot4_ignition_toolbox' build argument 'cmake_clean_first' from command line to 'False'
[0.449s] Level 5:colcon.colcon_core.verb:set package 'turtlebot4_ignition_toolbox' build argument 'cmake_force_configure' from command line to 'False'
[0.449s] Level 5:colcon.colcon_core.verb:set package 'turtlebot4_ignition_toolbox' build argument 'ament_cmake_args' from command line to 'None'
[0.449s] Level 5:colcon.colcon_core.verb:set package 'turtlebot4_ignition_toolbox' build argument 'catkin_cmake_args' from command line to 'None'
[0.449s] Level 5:colcon.colcon_core.verb:set package 'turtlebot4_ignition_toolbox' build argument 'catkin_skip_building_tests' from command line to 'False'
[0.449s] DEBUG:colcon.colcon_core.verb:Building package 'turtlebot4_ignition_toolbox' with the following arguments: {'ament_cmake_args': None, 'build_base': '/home/poonam/object_detection/build/turtlebot4_ignition_toolbox', 'catkin_cmake_args': None, 'catkin_skip_building_tests': False, 'cmake_args': None, 'cmake_clean_cache': False, 'cmake_clean_first': False, 'cmake_force_configure': False, 'cmake_target': None, 'cmake_target_skip_unavailable': False, 'install_base': '/home/poonam/object_detection/install/turtlebot4_ignition_toolbox', 'merge_install': False, 'path': '/home/poonam/object_detection/src/turtlebot4_simulator/turtlebot4_ignition_toolbox', 'symlink_install': False, 'test_result_base': None}
[0.449s] Level 5:colcon.colcon_core.verb:set package 'turtlebot4_ignition_bringup' build argument 'cmake_args' from command line to 'None'
[0.449s] Level 5:colcon.colcon_core.verb:set package 'turtlebot4_ignition_bringup' build argument 'cmake_target' from command line to 'None'
[0.449s] Level 5:colcon.colcon_core.verb:set package 'turtlebot4_ignition_bringup' build argument 'cmake_target_skip_unavailable' from command line to 'False'
[0.449s] Level 5:colcon.colcon_core.verb:set package 'turtlebot4_ignition_bringup' build argument 'cmake_clean_cache' from command line to 'False'
[0.449s] Level 5:colcon.colcon_core.verb:set package 'turtlebot4_ignition_bringup' build argument 'cmake_clean_first' from command line to 'False'
[0.449s] Level 5:colcon.colcon_core.verb:set package 'turtlebot4_ignition_bringup' build argument 'cmake_force_configure' from command line to 'False'
[0.449s] Level 5:colcon.colcon_core.verb:set package 'turtlebot4_ignition_bringup' build argument 'ament_cmake_args' from command line to 'None'
[0.449s] Level 5:colcon.colcon_core.verb:set package 'turtlebot4_ignition_bringup' build argument 'catkin_cmake_args' from command line to 'None'
[0.449s] Level 5:colcon.colcon_core.verb:set package 'turtlebot4_ignition_bringup' build argument 'catkin_skip_building_tests' from command line to 'False'
[0.449s] DEBUG:colcon.colcon_core.verb:Building package 'turtlebot4_ignition_bringup' with the following arguments: {'ament_cmake_args': None, 'build_base': '/home/poonam/object_detection/build/turtlebot4_ignition_bringup', 'catkin_cmake_args': None, 'catkin_skip_building_tests': False, 'cmake_args': None, 'cmake_clean_cache': False, 'cmake_clean_first': False, 'cmake_force_configure': False, 'cmake_target': None, 'cmake_target_skip_unavailable': False, 'install_base': '/home/poonam/object_detection/install/turtlebot4_ignition_bringup', 'merge_install': False, 'path': '/home/poonam/object_detection/src/turtlebot4_simulator/turtlebot4_ignition_bringup', 'symlink_install': False, 'test_result_base': None}
[0.450s] Level 5:colcon.colcon_core.verb:set package 'turtlebot4_simulator' build argument 'cmake_args' from command line to 'None'
[0.450s] Level 5:colcon.colcon_core.verb:set package 'turtlebot4_simulator' build argument 'cmake_target' from command line to 'None'
[0.450s] Level 5:colcon.colcon_core.verb:set package 'turtlebot4_simulator' build argument 'cmake_target_skip_unavailable' from command line to 'False'
[0.450s] Level 5:colcon.colcon_core.verb:set package 'turtlebot4_simulator' build argument 'cmake_clean_cache' from command line to 'False'
[0.450s] Level 5:colcon.colcon_core.verb:set package 'turtlebot4_simulator' build argument 'cmake_clean_first' from command line to 'False'
[0.450s] Level 5:colcon.colcon_core.verb:set package 'turtlebot4_simulator' build argument 'cmake_force_configure' from command line to 'False'
[0.450s] Level 5:colcon.colcon_core.verb:set package 'turtlebot4_simulator' build argument 'ament_cmake_args' from command line to 'None'
[0.450s] Level 5:colcon.colcon_core.verb:set package 'turtlebot4_simulator' build argument 'catkin_cmake_args' from command line to 'None'
[0.450s] Level 5:colcon.colcon_core.verb:set package 'turtlebot4_simulator' build argument 'catkin_skip_building_tests' from command line to 'False'
[0.450s] DEBUG:colcon.colcon_core.verb:Building package 'turtlebot4_simulator' with the following arguments: {'ament_cmake_args': None, 'build_base': '/home/poonam/object_detection/build/turtlebot4_simulator', 'catkin_cmake_args': None, 'catkin_skip_building_tests': False, 'cmake_args': None, 'cmake_clean_cache': False, 'cmake_clean_first': False, 'cmake_force_configure': False, 'cmake_target': None, 'cmake_target_skip_unavailable': False, 'install_base': '/home/poonam/object_detection/install/turtlebot4_simulator', 'merge_install': False, 'path': '/home/poonam/object_detection/src/turtlebot4_simulator/turtlebot4_simulator', 'symlink_install': False, 'test_result_base': None}
[0.450s] INFO:colcon.colcon_core.executor:Executing jobs using 'parallel' executor
[0.451s] DEBUG:colcon.colcon_parallel_executor.executor.parallel:run_until_complete
[0.451s] INFO:colcon.colcon_ros.task.ament_cmake.build:Building ROS package in '/home/poonam/object_detection/src/turtlebot4_simulator/turtlebot4_ignition_gui_plugins' with build type 'ament_cmake'
[0.451s] INFO:colcon.colcon_cmake.task.cmake.build:Building CMake package in '/home/poonam/object_detection/src/turtlebot4_simulator/turtlebot4_ignition_gui_plugins'
[0.454s] INFO:colcon.colcon_core.plugin_system:Skipping extension 'colcon_core.shell.bat': Not used on non-Windows systems
[0.454s] INFO:colcon.colcon_core.shell:Skip shell extension 'powershell' for command environment: Not usable outside of PowerShell
[0.454s] DEBUG:colcon.colcon_core.shell:Skip shell extension 'dsv' for command environment
[0.457s] INFO:colcon.colcon_ros.task.ament_cmake.build:Building ROS package in '/home/poonam/object_detection/src/turtlebot4_simulator/turtlebot4_ignition_toolbox' with build type 'ament_cmake'
[0.457s] INFO:colcon.colcon_cmake.task.cmake.build:Building CMake package in '/home/poonam/object_detection/src/turtlebot4_simulator/turtlebot4_ignition_toolbox'
[0.457s] INFO:colcon.colcon_core.shell:Skip shell extension 'powershell' for command environment: Not usable outside of PowerShell
[0.457s] DEBUG:colcon.colcon_core.shell:Skip shell extension 'dsv' for command environment
[0.459s] INFO:colcon.colcon_ros.task.ament_python.build:Building ROS package in '/home/poonam/object_detection/src/object_detection' with build type 'ament_python'
[0.459s] Level 1:colcon.colcon_core.shell:create_environment_hook('object_detection', 'ament_prefix_path')
[0.459s] INFO:colcon.colcon_core.shell:Creating environment hook '/home/poonam/object_detection/install/object_detection/share/object_detection/hook/ament_prefix_path.ps1'
[0.460s] INFO:colcon.colcon_core.shell:Creating environment descriptor '/home/poonam/object_detection/install/object_detection/share/object_detection/hook/ament_prefix_path.dsv'
[0.460s] INFO:colcon.colcon_core.shell:Creating environment hook '/home/poonam/object_detection/install/object_detection/share/object_detection/hook/ament_prefix_path.sh'
[0.461s] INFO:colcon.colcon_core.shell:Skip shell extension 'powershell' for command environment: Not usable outside of PowerShell
[0.461s] DEBUG:colcon.colcon_core.shell:Skip shell extension 'dsv' for command environment
[0.466s] DEBUG:colcon.colcon_core.event_handler.log_command:Invoking command in '/home/poonam/object_detection/build/turtlebot4_ignition_gui_plugins': CMAKE_PREFIX_PATH=/opt/ros/humble /usr/bin/cmake /home/poonam/object_detection/src/turtlebot4_simulator/turtlebot4_ignition_gui_plugins -DCMAKE_INSTALL_PREFIX=/home/poonam/object_detection/install/turtlebot4_ignition_gui_plugins
[0.469s] DEBUG:colcon.colcon_core.event_handler.log_command:Invoking command in '/home/poonam/object_detection/build/turtlebot4_ignition_toolbox': CMAKE_PREFIX_PATH=/opt/ros/humble /usr/bin/cmake /home/poonam/object_detection/src/turtlebot4_simulator/turtlebot4_ignition_toolbox -DCMAKE_INSTALL_PREFIX=/home/poonam/object_detection/install/turtlebot4_ignition_toolbox
[0.674s] INFO:colcon.colcon_core.task.python.build:Building Python package in '/home/poonam/object_detection/src/object_detection'
[0.675s] INFO:colcon.colcon_core.shell:Skip shell extension 'powershell' for command environment: Not usable outside of PowerShell
[0.675s] DEBUG:colcon.colcon_core.shell:Skip shell extension 'dsv' for command environment
[0.990s] DEBUG:colcon.colcon_core.event_handler.log_command:Invoking command in '/home/poonam/object_detection/src/object_detection': PYTHONPATH=/home/poonam/object_detection/build/object_detection/prefix_override:/usr/lib/python3/dist-packages/colcon_core/task/python/colcon_distutils_commands:/home/poonam/object_detection/install/object_detection/lib/python3.10/site-packages:${PYTHONPATH} /usr/bin/python3 -W ignore:setup.py install is deprecated -W ignore:easy_install command is deprecated setup.py egg_info --egg-base ../../build/object_detection build --build-base /home/poonam/object_detection/build/object_detection/build install --record /home/poonam/object_detection/build/object_detection/install.log --single-version-externally-managed install_data
[1.237s] DEBUG:colcon.colcon_core.event_handler.log_command:Invoked command in '/home/poonam/object_detection/src/object_detection' returned '0': PYTHONPATH=/home/poonam/object_detection/build/object_detection/prefix_override:/usr/lib/python3/dist-packages/colcon_core/task/python/colcon_distutils_commands:/home/poonam/object_detection/install/object_detection/lib/python3.10/site-packages:${PYTHONPATH} /usr/bin/python3 -W ignore:setup.py install is deprecated -W ignore:easy_install command is deprecated setup.py egg_info --egg-base ../../build/object_detection build --build-base /home/poonam/object_detection/build/object_detection/build install --record /home/poonam/object_detection/build/object_detection/install.log --single-version-externally-managed install_data
[1.241s] Level 1:colcon.colcon_core.environment:checking '/home/poonam/object_detection/install/object_detection' for CMake module files
[1.241s] Level 1:colcon.colcon_core.environment:checking '/home/poonam/object_detection/install/object_detection' for CMake config files
[1.242s] Level 1:colcon.colcon_core.environment:checking '/home/poonam/object_detection/install/object_detection/lib'
[1.242s] Level 1:colcon.colcon_core.environment:checking '/home/poonam/object_detection/install/object_detection/bin'
[1.242s] Level 1:colcon.colcon_core.environment:checking '/home/poonam/object_detection/install/object_detection/lib/pkgconfig/object_detection.pc'
[1.242s] Level 1:colcon.colcon_core.environment:checking '/home/poonam/object_detection/install/object_detection/lib/python3.10/site-packages'
[1.242s] Level 1:colcon.colcon_core.shell:create_environment_hook('object_detection', 'pythonpath')
[1.242s] INFO:colcon.colcon_core.shell:Creating environment hook '/home/poonam/object_detection/install/object_detection/share/object_detection/hook/pythonpath.ps1'
[1.243s] INFO:colcon.colcon_core.shell:Creating environment descriptor '/home/poonam/object_detection/install/object_detection/share/object_detection/hook/pythonpath.dsv'
[1.243s] INFO:colcon.colcon_core.shell:Creating environment hook '/home/poonam/object_detection/install/object_detection/share/object_detection/hook/pythonpath.sh'
[1.243s] Level 1:colcon.colcon_core.environment:checking '/home/poonam/object_detection/install/object_detection/bin'
[1.243s] Level 1:colcon.colcon_core.environment:create_environment_scripts_only(object_detection)
[1.243s] INFO:colcon.colcon_core.shell:Creating package script '/home/poonam/object_detection/install/object_detection/share/object_detection/package.ps1'
[1.244s] INFO:colcon.colcon_core.shell:Creating package descriptor '/home/poonam/object_detection/install/object_detection/share/object_detection/package.dsv'
[1.245s] INFO:colcon.colcon_core.shell:Creating package script '/home/poonam/object_detection/install/object_detection/share/object_detection/package.sh'
[1.245s] INFO:colcon.colcon_core.shell:Creating package script '/home/poonam/object_detection/install/object_detection/share/object_detection/package.bash'
[1.246s] INFO:colcon.colcon_core.shell:Creating package script '/home/poonam/object_detection/install/object_detection/share/object_detection/package.zsh'
[1.247s] Level 1:colcon.colcon_core.environment:create_file_with_runtime_dependencies(/home/poonam/object_detection/install/object_detection/share/colcon-core/packages/object_detection)
[1.439s] DEBUG:colcon.colcon_core.event_handler.log_command:Invoked command in '/home/poonam/object_detection/build/turtlebot4_ignition_gui_plugins' returned '0': CMAKE_PREFIX_PATH=/opt/ros/humble /usr/bin/cmake /home/poonam/object_detection/src/turtlebot4_simulator/turtlebot4_ignition_gui_plugins -DCMAKE_INSTALL_PREFIX=/home/poonam/object_detection/install/turtlebot4_ignition_gui_plugins
[1.441s] DEBUG:colcon.colcon_core.event_handler.log_command:Invoking command in '/home/poonam/object_detection/build/turtlebot4_ignition_gui_plugins': CMAKE_PREFIX_PATH=/opt/ros/humble /usr/bin/cmake --build /home/poonam/object_detection/build/turtlebot4_ignition_gui_plugins -- -j8 -l8
[1.557s] DEBUG:colcon.colcon_core.event_handler.log_command:Invoked command in '/home/poonam/object_detection/build/turtlebot4_ignition_toolbox' returned '0': CMAKE_PREFIX_PATH=/opt/ros/humble /usr/bin/cmake /home/poonam/object_detection/src/turtlebot4_simulator/turtlebot4_ignition_toolbox -DCMAKE_INSTALL_PREFIX=/home/poonam/object_detection/install/turtlebot4_ignition_toolbox
[1.559s] DEBUG:colcon.colcon_core.event_handler.log_command:Invoking command in '/home/poonam/object_detection/build/turtlebot4_ignition_toolbox': CMAKE_PREFIX_PATH=/opt/ros/humble /usr/bin/cmake --build /home/poonam/object_detection/build/turtlebot4_ignition_toolbox -- -j8 -l8
[9.443s] DEBUG:colcon.colcon_core.event_handler.log_command:Invoked command in '/home/poonam/object_detection/build/turtlebot4_ignition_gui_plugins' returned '0': CMAKE_PREFIX_PATH=/opt/ros/humble /usr/bin/cmake --build /home/poonam/object_detection/build/turtlebot4_ignition_gui_plugins -- -j8 -l8
[9.451s] DEBUG:colcon.colcon_core.event_handler.log_command:Invoking command in '/home/poonam/object_detection/build/turtlebot4_ignition_gui_plugins': CMAKE_PREFIX_PATH=/opt/ros/humble /usr/bin/cmake --install /home/poonam/object_detection/build/turtlebot4_ignition_gui_plugins
[9.460s] Level 1:colcon.colcon_core.environment:create_environment_scripts_only(turtlebot4_ignition_gui_plugins)
[9.460s] Level 1:colcon.colcon_core.environment:checking '/home/poonam/object_detection/install/turtlebot4_ignition_gui_plugins' for CMake module files
[9.461s] DEBUG:colcon.colcon_core.event_handler.log_command:Invoked command in '/home/poonam/object_detection/build/turtlebot4_ignition_gui_plugins' returned '0': CMAKE_PREFIX_PATH=/opt/ros/humble /usr/bin/cmake --install /home/poonam/object_detection/build/turtlebot4_ignition_gui_plugins
[9.461s] Level 1:colcon.colcon_core.environment:checking '/home/poonam/object_detection/install/turtlebot4_ignition_gui_plugins' for CMake config files
[9.461s] Level 1:colcon.colcon_core.shell:create_environment_hook('turtlebot4_ignition_gui_plugins', 'cmake_prefix_path')
[9.461s] INFO:colcon.colcon_core.shell:Creating environment hook '/home/poonam/object_detection/install/turtlebot4_ignition_gui_plugins/share/turtlebot4_ignition_gui_plugins/hook/cmake_prefix_path.ps1'
[9.462s] INFO:colcon.colcon_core.shell:Creating environment descriptor '/home/poonam/object_detection/install/turtlebot4_ignition_gui_plugins/share/turtlebot4_ignition_gui_plugins/hook/cmake_prefix_path.dsv'
[9.462s] INFO:colcon.colcon_core.shell:Creating environment hook '/home/poonam/object_detection/install/turtlebot4_ignition_gui_plugins/share/turtlebot4_ignition_gui_plugins/hook/cmake_prefix_path.sh'
[9.462s] Level 1:colcon.colcon_core.environment:checking '/home/poonam/object_detection/install/turtlebot4_ignition_gui_plugins/bin'
[9.462s] Level 1:colcon.colcon_core.environment:checking '/home/poonam/object_detection/install/turtlebot4_ignition_gui_plugins/lib/pkgconfig/turtlebot4_ignition_gui_plugins.pc'
[9.462s] Level 1:colcon.colcon_core.environment:checking '/home/poonam/object_detection/install/turtlebot4_ignition_gui_plugins/lib/python3.10/site-packages'
[9.463s] Level 1:colcon.colcon_core.environment:checking '/home/poonam/object_detection/install/turtlebot4_ignition_gui_plugins/bin'
[9.463s] INFO:colcon.colcon_core.shell:Creating package script '/home/poonam/object_detection/install/turtlebot4_ignition_gui_plugins/share/turtlebot4_ignition_gui_plugins/package.ps1'
[9.463s] INFO:colcon.colcon_core.shell:Creating package descriptor '/home/poonam/object_detection/install/turtlebot4_ignition_gui_plugins/share/turtlebot4_ignition_gui_plugins/package.dsv'
[9.463s] INFO:colcon.colcon_core.shell:Creating package script '/home/poonam/object_detection/install/turtlebot4_ignition_gui_plugins/share/turtlebot4_ignition_gui_plugins/package.sh'
[9.464s] INFO:colcon.colcon_core.shell:Creating package script '/home/poonam/object_detection/install/turtlebot4_ignition_gui_plugins/share/turtlebot4_ignition_gui_plugins/package.bash'
[9.464s] INFO:colcon.colcon_core.shell:Creating package script '/home/poonam/object_detection/install/turtlebot4_ignition_gui_plugins/share/turtlebot4_ignition_gui_plugins/package.zsh'
[9.464s] Level 1:colcon.colcon_core.environment:create_file_with_runtime_dependencies(/home/poonam/object_detection/install/turtlebot4_ignition_gui_plugins/share/colcon-core/packages/turtlebot4_ignition_gui_plugins)
[9.465s] Level 1:colcon.colcon_core.environment:create_environment_scripts_only(turtlebot4_ignition_gui_plugins)
[9.465s] Level 1:colcon.colcon_core.environment:checking '/home/poonam/object_detection/install/turtlebot4_ignition_gui_plugins' for CMake module files
[9.465s] Level 1:colcon.colcon_core.environment:checking '/home/poonam/object_detection/install/turtlebot4_ignition_gui_plugins' for CMake config files
[9.465s] Level 1:colcon.colcon_core.shell:create_environment_hook('turtlebot4_ignition_gui_plugins', 'cmake_prefix_path')
[9.465s] INFO:colcon.colcon_core.shell:Creating environment hook '/home/poonam/object_detection/install/turtlebot4_ignition_gui_plugins/share/turtlebot4_ignition_gui_plugins/hook/cmake_prefix_path.ps1'
[9.466s] INFO:colcon.colcon_core.shell:Creating environment descriptor '/home/poonam/object_detection/install/turtlebot4_ignition_gui_plugins/share/turtlebot4_ignition_gui_plugins/hook/cmake_prefix_path.dsv'
[9.466s] INFO:colcon.colcon_core.shell:Creating environment hook '/home/poonam/object_detection/install/turtlebot4_ignition_gui_plugins/share/turtlebot4_ignition_gui_plugins/hook/cmake_prefix_path.sh'
[9.466s] Level 1:colcon.colcon_core.environment:checking '/home/poonam/object_detection/install/turtlebot4_ignition_gui_plugins/bin'
[9.466s] Level 1:colcon.colcon_core.environment:checking '/home/poonam/object_detection/install/turtlebot4_ignition_gui_plugins/lib/pkgconfig/turtlebot4_ignition_gui_plugins.pc'
[9.466s] Level 1:colcon.colcon_core.environment:checking '/home/poonam/object_detection/install/turtlebot4_ignition_gui_plugins/lib/python3.10/site-packages'
[9.466s] Level 1:colcon.colcon_core.environment:checking '/home/poonam/object_detection/install/turtlebot4_ignition_gui_plugins/bin'
[9.467s] INFO:colcon.colcon_core.shell:Creating package script '/home/poonam/object_detection/install/turtlebot4_ignition_gui_plugins/share/turtlebot4_ignition_gui_plugins/package.ps1'
[9.467s] INFO:colcon.colcon_core.shell:Creating package descriptor '/home/poonam/object_detection/install/turtlebot4_ignition_gui_plugins/share/turtlebot4_ignition_gui_plugins/package.dsv'
[9.467s] INFO:colcon.colcon_core.shell:Creating package script '/home/poonam/object_detection/install/turtlebot4_ignition_gui_plugins/share/turtlebot4_ignition_gui_plugins/package.sh'
[9.468s] INFO:colcon.colcon_core.shell:Creating package script '/home/poonam/object_detection/install/turtlebot4_ignition_gui_plugins/share/turtlebot4_ignition_gui_plugins/package.bash'
[9.468s] INFO:colcon.colcon_core.shell:Creating package script '/home/poonam/object_detection/install/turtlebot4_ignition_gui_plugins/share/turtlebot4_ignition_gui_plugins/package.zsh'
[9.468s] Level 1:colcon.colcon_core.environment:create_file_with_runtime_dependencies(/home/poonam/object_detection/install/turtlebot4_ignition_gui_plugins/share/colcon-core/packages/turtlebot4_ignition_gui_plugins)
[13.366s] DEBUG:colcon.colcon_core.event_handler.log_command:Invoked command in '/home/poonam/object_detection/build/turtlebot4_ignition_toolbox' returned '0': CMAKE_PREFIX_PATH=/opt/ros/humble /usr/bin/cmake --build /home/poonam/object_detection/build/turtlebot4_ignition_toolbox -- -j8 -l8
[13.367s] DEBUG:colcon.colcon_core.event_handler.log_command:Invoking command in '/home/poonam/object_detection/build/turtlebot4_ignition_toolbox': CMAKE_PREFIX_PATH=/opt/ros/humble /usr/bin/cmake --install /home/poonam/object_detection/build/turtlebot4_ignition_toolbox
[13.378s] Level 1:colcon.colcon_core.environment:create_environment_scripts_only(turtlebot4_ignition_toolbox)
[13.378s] Level 1:colcon.colcon_core.environment:checking '/home/poonam/object_detection/install/turtlebot4_ignition_toolbox' for CMake module files
[13.378s] DEBUG:colcon.colcon_core.event_handler.log_command:Invoked command in '/home/poonam/object_detection/build/turtlebot4_ignition_toolbox' returned '0': CMAKE_PREFIX_PATH=/opt/ros/humble /usr/bin/cmake --install /home/poonam/object_detection/build/turtlebot4_ignition_toolbox
[13.379s] Level 1:colcon.colcon_core.environment:checking '/home/poonam/object_detection/install/turtlebot4_ignition_toolbox' for CMake config files
[13.379s] Level 1:colcon.colcon_core.shell:create_environment_hook('turtlebot4_ignition_toolbox', 'cmake_prefix_path')
[13.379s] INFO:colcon.colcon_core.shell:Creating environment hook '/home/poonam/object_detection/install/turtlebot4_ignition_toolbox/share/turtlebot4_ignition_toolbox/hook/cmake_prefix_path.ps1'
[13.379s] INFO:colcon.colcon_core.shell:Creating environment descriptor '/home/poonam/object_detection/install/turtlebot4_ignition_toolbox/share/turtlebot4_ignition_toolbox/hook/cmake_prefix_path.dsv'
[13.379s] INFO:colcon.colcon_core.shell:Creating environment hook '/home/poonam/object_detection/install/turtlebot4_ignition_toolbox/share/turtlebot4_ignition_toolbox/hook/cmake_prefix_path.sh'
[13.380s] Level 1:colcon.colcon_core.environment:checking '/home/poonam/object_detection/install/turtlebot4_ignition_toolbox/lib'
[13.380s] Level 1:colcon.colcon_core.environment:checking '/home/poonam/object_detection/install/turtlebot4_ignition_toolbox/bin'
[13.380s] Level 1:colcon.colcon_core.environment:checking '/home/poonam/object_detection/install/turtlebot4_ignition_toolbox/lib/pkgconfig/turtlebot4_ignition_toolbox.pc'
[13.380s] Level 1:colcon.colcon_core.environment:checking '/home/poonam/object_detection/install/turtlebot4_ignition_toolbox/lib/python3.10/site-packages'
[13.380s] Level 1:colcon.colcon_core.environment:checking '/home/poonam/object_detection/install/turtlebot4_ignition_toolbox/bin'
[13.380s] INFO:colcon.colcon_core.shell:Creating package script '/home/poonam/object_detection/install/turtlebot4_ignition_toolbox/share/turtlebot4_ignition_toolbox/package.ps1'
[13.381s] INFO:colcon.colcon_core.shell:Creating package descriptor '/home/poonam/object_detection/install/turtlebot4_ignition_toolbox/share/turtlebot4_ignition_toolbox/package.dsv'
[13.381s] INFO:colcon.colcon_core.shell:Creating package script '/home/poonam/object_detection/install/turtlebot4_ignition_toolbox/share/turtlebot4_ignition_toolbox/package.sh'
[13.381s] INFO:colcon.colcon_core.shell:Creating package script '/home/poonam/object_detection/install/turtlebot4_ignition_toolbox/share/turtlebot4_ignition_toolbox/package.bash'
[13.381s] INFO:colcon.colcon_core.shell:Creating package script '/home/poonam/object_detection/install/turtlebot4_ignition_toolbox/share/turtlebot4_ignition_toolbox/package.zsh'
[13.381s] Level 1:colcon.colcon_core.environment:create_file_with_runtime_dependencies(/home/poonam/object_detection/install/turtlebot4_ignition_toolbox/share/colcon-core/packages/turtlebot4_ignition_toolbox)
[13.382s] Level 1:colcon.colcon_core.environment:create_environment_scripts_only(turtlebot4_ignition_toolbox)
[13.382s] Level 1:colcon.colcon_core.environment:checking '/home/poonam/object_detection/install/turtlebot4_ignition_toolbox' for CMake module files
[13.382s] Level 1:colcon.colcon_core.environment:checking '/home/poonam/object_detection/install/turtlebot4_ignition_toolbox' for CMake config files
[13.382s] Level 1:colcon.colcon_core.shell:create_environment_hook('turtlebot4_ignition_toolbox', 'cmake_prefix_path')
[13.382s] INFO:colcon.colcon_core.shell:Creating environment hook '/home/poonam/object_detection/install/turtlebot4_ignition_toolbox/share/turtlebot4_ignition_toolbox/hook/cmake_prefix_path.ps1'
[13.383s] INFO:colcon.colcon_core.shell:Creating environment descriptor '/home/poonam/object_detection/install/turtlebot4_ignition_toolbox/share/turtlebot4_ignition_toolbox/hook/cmake_prefix_path.dsv'
[13.383s] INFO:colcon.colcon_core.shell:Creating environment hook '/home/poonam/object_detection/install/turtlebot4_ignition_toolbox/share/turtlebot4_ignition_toolbox/hook/cmake_prefix_path.sh'
[13.383s] Level 1:colcon.colcon_core.environment:checking '/home/poonam/object_detection/install/turtlebot4_ignition_toolbox/lib'
[13.383s] Level 1:colcon.colcon_core.environment:checking '/home/poonam/object_detection/install/turtlebot4_ignition_toolbox/bin'
[13.383s] Level 1:colcon.colcon_core.environment:checking '/home/poonam/object_detection/install/turtlebot4_ignition_toolbox/lib/pkgconfig/turtlebot4_ignition_toolbox.pc'
[13.383s] Level 1:colcon.colcon_core.environment:checking '/home/poonam/object_detection/install/turtlebot4_ignition_toolbox/lib/python3.10/site-packages'
[13.384s] Level 1:colcon.colcon_core.environment:checking '/home/poonam/object_detection/install/turtlebot4_ignition_toolbox/bin'
[13.384s] INFO:colcon.colcon_core.shell:Creating package script '/home/poonam/object_detection/install/turtlebot4_ignition_toolbox/share/turtlebot4_ignition_toolbox/package.ps1'
[13.384s] INFO:colcon.colcon_core.shell:Creating package descriptor '/home/poonam/object_detection/install/turtlebot4_ignition_toolbox/share/turtlebot4_ignition_toolbox/package.dsv'
[13.384s] INFO:colcon.colcon_core.shell:Creating package script '/home/poonam/object_detection/install/turtlebot4_ignition_toolbox/share/turtlebot4_ignition_toolbox/package.sh'
[13.384s] INFO:colcon.colcon_core.shell:Creating package script '/home/poonam/object_detection/install/turtlebot4_ignition_toolbox/share/turtlebot4_ignition_toolbox/package.bash'
[13.385s] INFO:colcon.colcon_core.shell:Creating package script '/home/poonam/object_detection/install/turtlebot4_ignition_toolbox/share/turtlebot4_ignition_toolbox/package.zsh'
[13.385s] Level 1:colcon.colcon_core.environment:create_file_with_runtime_dependencies(/home/poonam/object_detection/install/turtlebot4_ignition_toolbox/share/colcon-core/packages/turtlebot4_ignition_toolbox)
[13.385s] INFO:colcon.colcon_ros.task.ament_cmake.build:Building ROS package in '/home/poonam/object_detection/src/turtlebot4_simulator/turtlebot4_ignition_bringup' with build type 'ament_cmake'
[13.385s] INFO:colcon.colcon_cmake.task.cmake.build:Building CMake package in '/home/poonam/object_detection/src/turtlebot4_simulator/turtlebot4_ignition_bringup'
[13.385s] INFO:colcon.colcon_core.shell:Skip shell extension 'powershell' for command environment: Not usable outside of PowerShell
[13.385s] DEBUG:colcon.colcon_core.shell:Skip shell extension 'dsv' for command environment
[13.391s] DEBUG:colcon.colcon_core.event_handler.log_command:Invoking command in '/home/poonam/object_detection/build/turtlebot4_ignition_bringup': AMENT_PREFIX_PATH=/home/poonam/object_detection/install/turtlebot4_ignition_toolbox:/home/poonam/object_detection/install/turtlebot4_ignition_gui_plugins:${AMENT_PREFIX_PATH} CMAKE_PREFIX_PATH=/home/poonam/object_detection/install/turtlebot4_ignition_toolbox:/home/poonam/object_detection/install/turtlebot4_ignition_gui_plugins:/opt/ros/humble /usr/bin/cmake /home/poonam/object_detection/src/turtlebot4_simulator/turtlebot4_ignition_bringup -DCMAKE_INSTALL_PREFIX=/home/poonam/object_detection/install/turtlebot4_ignition_bringup
[13.961s] DEBUG:colcon.colcon_core.event_handler.log_command:Invoked command in '/home/poonam/object_detection/build/turtlebot4_ignition_bringup' returned '0': AMENT_PREFIX_PATH=/home/poonam/object_detection/install/turtlebot4_ignition_toolbox:/home/poonam/object_detection/install/turtlebot4_ignition_gui_plugins:${AMENT_PREFIX_PATH} CMAKE_PREFIX_PATH=/home/poonam/object_detection/install/turtlebot4_ignition_toolbox:/home/poonam/object_detection/install/turtlebot4_ignition_gui_plugins:/opt/ros/humble /usr/bin/cmake /home/poonam/object_detection/src/turtlebot4_simulator/turtlebot4_ignition_bringup -DCMAKE_INSTALL_PREFIX=/home/poonam/object_detection/install/turtlebot4_ignition_bringup
[13.962s] DEBUG:colcon.colcon_core.event_handler.log_command:Invoking command in '/home/poonam/object_detection/build/turtlebot4_ignition_bringup': AMENT_PREFIX_PATH=/home/poonam/object_detection/install/turtlebot4_ignition_toolbox:/home/poonam/object_detection/install/turtlebot4_ignition_gui_plugins:${AMENT_PREFIX_PATH} CMAKE_PREFIX_PATH=/home/poonam/object_detection/install/turtlebot4_ignition_toolbox:/home/poonam/object_detection/install/turtlebot4_ignition_gui_plugins:/opt/ros/humble /usr/bin/cmake --build /home/poonam/object_detection/build/turtlebot4_ignition_bringup -- -j8 -l8
[13.994s] DEBUG:colcon.colcon_core.event_handler.log_command:Invoked command in '/home/poonam/object_detection/build/turtlebot4_ignition_bringup' returned '0': AMENT_PREFIX_PATH=/home/poonam/object_detection/install/turtlebot4_ignition_toolbox:/home/poonam/object_detection/install/turtlebot4_ignition_gui_plugins:${AMENT_PREFIX_PATH} CMAKE_PREFIX_PATH=/home/poonam/object_detection/install/turtlebot4_ignition_toolbox:/home/poonam/object_detection/install/turtlebot4_ignition_gui_plugins:/opt/ros/humble /usr/bin/cmake --build /home/poonam/object_detection/build/turtlebot4_ignition_bringup -- -j8 -l8
[13.996s] DEBUG:colcon.colcon_core.event_handler.log_command:Invoking command in '/home/poonam/object_detection/build/turtlebot4_ignition_bringup': AMENT_PREFIX_PATH=/home/poonam/object_detection/install/turtlebot4_ignition_toolbox:/home/poonam/object_detection/install/turtlebot4_ignition_gui_plugins:${AMENT_PREFIX_PATH} CMAKE_PREFIX_PATH=/home/poonam/object_detection/install/turtlebot4_ignition_toolbox:/home/poonam/object_detection/install/turtlebot4_ignition_gui_plugins:/opt/ros/humble /usr/bin/cmake --install /home/poonam/object_detection/build/turtlebot4_ignition_bringup
[14.005s] Level 1:colcon.colcon_core.environment:create_environment_scripts_only(turtlebot4_ignition_bringup)
[14.005s] Level 1:colcon.colcon_core.environment:checking '/home/poonam/object_detection/install/turtlebot4_ignition_bringup' for CMake module files
[14.006s] DEBUG:colcon.colcon_core.event_handler.log_command:Invoked command in '/home/poonam/object_detection/build/turtlebot4_ignition_bringup' returned '0': AMENT_PREFIX_PATH=/home/poonam/object_detection/install/turtlebot4_ignition_toolbox:/home/poonam/object_detection/install/turtlebot4_ignition_gui_plugins:${AMENT_PREFIX_PATH} CMAKE_PREFIX_PATH=/home/poonam/object_detection/install/turtlebot4_ignition_toolbox:/home/poonam/object_detection/install/turtlebot4_ignition_gui_plugins:/opt/ros/humble /usr/bin/cmake --install /home/poonam/object_detection/build/turtlebot4_ignition_bringup
[14.006s] Level 1:colcon.colcon_core.environment:checking '/home/poonam/object_detection/install/turtlebot4_ignition_bringup' for CMake config files
[14.006s] Level 1:colcon.colcon_core.shell:create_environment_hook('turtlebot4_ignition_bringup', 'cmake_prefix_path')
[14.006s] INFO:colcon.colcon_core.shell:Creating environment hook '/home/poonam/object_detection/install/turtlebot4_ignition_bringup/share/turtlebot4_ignition_bringup/hook/cmake_prefix_path.ps1'
[14.006s] INFO:colcon.colcon_core.shell:Creating environment descriptor '/home/poonam/object_detection/install/turtlebot4_ignition_bringup/share/turtlebot4_ignition_bringup/hook/cmake_prefix_path.dsv'
[14.007s] INFO:colcon.colcon_core.shell:Creating environment hook '/home/poonam/object_detection/install/turtlebot4_ignition_bringup/share/turtlebot4_ignition_bringup/hook/cmake_prefix_path.sh'
[14.007s] Level 1:colcon.colcon_core.environment:checking '/home/poonam/object_detection/install/turtlebot4_ignition_bringup/bin'
[14.007s] Level 1:colcon.colcon_core.environment:checking '/home/poonam/object_detection/install/turtlebot4_ignition_bringup/lib/pkgconfig/turtlebot4_ignition_bringup.pc'
[14.007s] Level 1:colcon.colcon_core.environment:checking '/home/poonam/object_detection/install/turtlebot4_ignition_bringup/lib/python3.10/site-packages'
[14.007s] Level 1:colcon.colcon_core.environment:checking '/home/poonam/object_detection/install/turtlebot4_ignition_bringup/bin'
[14.008s] INFO:colcon.colcon_core.shell:Creating package script '/home/poonam/object_detection/install/turtlebot4_ignition_bringup/share/turtlebot4_ignition_bringup/package.ps1'
[14.008s] INFO:colcon.colcon_core.shell:Creating package descriptor '/home/poonam/object_detection/install/turtlebot4_ignition_bringup/share/turtlebot4_ignition_bringup/package.dsv'
[14.008s] INFO:colcon.colcon_core.shell:Creating package script '/home/poonam/object_detection/install/turtlebot4_ignition_bringup/share/turtlebot4_ignition_bringup/package.sh'
[14.008s] INFO:colcon.colcon_core.shell:Creating package script '/home/poonam/object_detection/install/turtlebot4_ignition_bringup/share/turtlebot4_ignition_bringup/package.bash'
[14.009s] INFO:colcon.colcon_core.shell:Creating package script '/home/poonam/object_detection/install/turtlebot4_ignition_bringup/share/turtlebot4_ignition_bringup/package.zsh'
[14.009s] Level 1:colcon.colcon_core.environment:create_file_with_runtime_dependencies(/home/poonam/object_detection/install/turtlebot4_ignition_bringup/share/colcon-core/packages/turtlebot4_ignition_bringup)
[14.009s] Level 1:colcon.colcon_core.environment:create_environment_scripts_only(turtlebot4_ignition_bringup)
[14.009s] Level 1:colcon.colcon_core.environment:checking '/home/poonam/object_detection/install/turtlebot4_ignition_bringup' for CMake module files
[14.009s] Level 1:colcon.colcon_core.environment:checking '/home/poonam/object_detection/install/turtlebot4_ignition_bringup' for CMake config files
[14.010s] Level 1:colcon.colcon_core.shell:create_environment_hook('turtlebot4_ignition_bringup', 'cmake_prefix_path')
[14.010s] INFO:colcon.colcon_core.shell:Creating environment hook '/home/poonam/object_detection/install/turtlebot4_ignition_bringup/share/turtlebot4_ignition_bringup/hook/cmake_prefix_path.ps1'
[14.010s] INFO:colcon.colcon_core.shell:Creating environment descriptor '/home/poonam/object_detection/install/turtlebot4_ignition_bringup/share/turtlebot4_ignition_bringup/hook/cmake_prefix_path.dsv'
[14.010s] INFO:colcon.colcon_core.shell:Creating environment hook '/home/poonam/object_detection/install/turtlebot4_ignition_bringup/share/turtlebot4_ignition_bringup/hook/cmake_prefix_path.sh'
[14.010s] Level 1:colcon.colcon_core.environment:checking '/home/poonam/object_detection/install/turtlebot4_ignition_bringup/bin'
[14.011s] Level 1:colcon.colcon_core.environment:checking '/home/poonam/object_detection/install/turtlebot4_ignition_bringup/lib/pkgconfig/turtlebot4_ignition_bringup.pc'
[14.011s] Level 1:colcon.colcon_core.environment:checking '/home/poonam/object_detection/install/turtlebot4_ignition_bringup/lib/python3.10/site-packages'
[14.011s] Level 1:colcon.colcon_core.environment:checking '/home/poonam/object_detection/install/turtlebot4_ignition_bringup/bin'
[14.011s] INFO:colcon.colcon_core.shell:Creating package script '/home/poonam/object_detection/install/turtlebot4_ignition_bringup/share/turtlebot4_ignition_bringup/package.ps1'
[14.011s] INFO:colcon.colcon_core.shell:Creating package descriptor '/home/poonam/object_detection/install/turtlebot4_ignition_bringup/share/turtlebot4_ignition_bringup/package.dsv'
[14.011s] INFO:colcon.colcon_core.shell:Creating package script '/home/poonam/object_detection/install/turtlebot4_ignition_bringup/share/turtlebot4_ignition_bringup/package.sh'
[14.012s] INFO:colcon.colcon_core.shell:Creating package script '/home/poonam/object_detection/install/turtlebot4_ignition_bringup/share/turtlebot4_ignition_bringup/package.bash'
[14.012s] INFO:colcon.colcon_core.shell:Creating package script '/home/poonam/object_detection/install/turtlebot4_ignition_bringup/share/turtlebot4_ignition_bringup/package.zsh'
[14.012s] Level 1:colcon.colcon_core.environment:create_file_with_runtime_dependencies(/home/poonam/object_detection/install/turtlebot4_ignition_bringup/share/colcon-core/packages/turtlebot4_ignition_bringup)
[14.012s] INFO:colcon.colcon_ros.task.ament_cmake.build:Building ROS package in '/home/poonam/object_detection/src/turtlebot4_simulator/turtlebot4_simulator' with build type 'ament_cmake'
[14.012s] INFO:colcon.colcon_cmake.task.cmake.build:Building CMake package in '/home/poonam/object_detection/src/turtlebot4_simulator/turtlebot4_simulator'
[14.013s] INFO:colcon.colcon_core.shell:Skip shell extension 'powershell' for command environment: Not usable outside of PowerShell
[14.013s] DEBUG:colcon.colcon_core.shell:Skip shell extension 'dsv' for command environment
[14.019s] DEBUG:colcon.colcon_core.event_handler.log_command:Invoking command in '/home/poonam/object_detection/build/turtlebot4_simulator': AMENT_PREFIX_PATH=/home/poonam/object_detection/install/turtlebot4_ignition_bringup:/home/poonam/object_detection/install/turtlebot4_ignition_toolbox:/home/poonam/object_detection/install/turtlebot4_ignition_gui_plugins:${AMENT_PREFIX_PATH} CMAKE_PREFIX_PATH=/home/poonam/object_detection/install/turtlebot4_ignition_bringup:/home/poonam/object_detection/install/turtlebot4_ignition_toolbox:/home/poonam/object_detection/install/turtlebot4_ignition_gui_plugins:/opt/ros/humble /usr/bin/cmake /home/poonam/object_detection/src/turtlebot4_simulator/turtlebot4_simulator -DCMAKE_INSTALL_PREFIX=/home/poonam/object_detection/install/turtlebot4_simulator
[14.435s] DEBUG:colcon.colcon_core.event_handler.log_command:Invoked command in '/home/poonam/object_detection/build/turtlebot4_simulator' returned '0': AMENT_PREFIX_PATH=/home/poonam/object_detection/install/turtlebot4_ignition_bringup:/home/poonam/object_detection/install/turtlebot4_ignition_toolbox:/home/poonam/object_detection/install/turtlebot4_ignition_gui_plugins:${AMENT_PREFIX_PATH} CMAKE_PREFIX_PATH=/home/poonam/object_detection/install/turtlebot4_ignition_bringup:/home/poonam/object_detection/install/turtlebot4_ignition_toolbox:/home/poonam/object_detection/install/turtlebot4_ignition_gui_plugins:/opt/ros/humble /usr/bin/cmake /home/poonam/object_detection/src/turtlebot4_simulator/turtlebot4_simulator -DCMAKE_INSTALL_PREFIX=/home/poonam/object_detection/install/turtlebot4_simulator
[14.436s] DEBUG:colcon.colcon_core.event_handler.log_command:Invoking command in '/home/poonam/object_detection/build/turtlebot4_simulator': AMENT_PREFIX_PATH=/home/poonam/object_detection/install/turtlebot4_ignition_bringup:/home/poonam/object_detection/install/turtlebot4_ignition_toolbox:/home/poonam/object_detection/install/turtlebot4_ignition_gui_plugins:${AMENT_PREFIX_PATH} CMAKE_PREFIX_PATH=/home/poonam/object_detection/install/turtlebot4_ignition_bringup:/home/poonam/object_detection/install/turtlebot4_ignition_toolbox:/home/poonam/object_detection/install/turtlebot4_ignition_gui_plugins:/opt/ros/humble /usr/bin/cmake --build /home/poonam/object_detection/build/turtlebot4_simulator -- -j8 -l8
[14.467s] DEBUG:colcon.colcon_core.event_handler.log_command:Invoked command in '/home/poonam/object_detection/build/turtlebot4_simulator' returned '0': AMENT_PREFIX_PATH=/home/poonam/object_detection/install/turtlebot4_ignition_bringup:/home/poonam/object_detection/install/turtlebot4_ignition_toolbox:/home/poonam/object_detection/install/turtlebot4_ignition_gui_plugins:${AMENT_PREFIX_PATH} CMAKE_PREFIX_PATH=/home/poonam/object_detection/install/turtlebot4_ignition_bringup:/home/poonam/object_detection/install/turtlebot4_ignition_toolbox:/home/poonam/object_detection/install/turtlebot4_ignition_gui_plugins:/opt/ros/humble /usr/bin/cmake --build /home/poonam/object_detection/build/turtlebot4_simulator -- -j8 -l8
[14.468s] DEBUG:colcon.colcon_core.event_handler.log_command:Invoking command in '/home/poonam/object_detection/build/turtlebot4_simulator': AMENT_PREFIX_PATH=/home/poonam/object_detection/install/turtlebot4_ignition_bringup:/home/poonam/object_detection/install/turtlebot4_ignition_toolbox:/home/poonam/object_detection/install/turtlebot4_ignition_gui_plugins:${AMENT_PREFIX_PATH} CMAKE_PREFIX_PATH=/home/poonam/object_detection/install/turtlebot4_ignition_bringup:/home/poonam/object_detection/install/turtlebot4_ignition_toolbox:/home/poonam/object_detection/install/turtlebot4_ignition_gui_plugins:/opt/ros/humble /usr/bin/cmake --install /home/poonam/object_detection/build/turtlebot4_simulator
[14.478s] Level 1:colcon.colcon_core.environment:create_environment_scripts_only(turtlebot4_simulator)
[14.479s] Level 1:colcon.colcon_core.environment:checking '/home/poonam/object_detection/install/turtlebot4_simulator' for CMake module files
[14.479s] DEBUG:colcon.colcon_core.event_handler.log_command:Invoked command in '/home/poonam/object_detection/build/turtlebot4_simulator' returned '0': AMENT_PREFIX_PATH=/home/poonam/object_detection/install/turtlebot4_ignition_bringup:/home/poonam/object_detection/install/turtlebot4_ignition_toolbox:/home/poonam/object_detection/install/turtlebot4_ignition_gui_plugins:${AMENT_PREFIX_PATH} CMAKE_PREFIX_PATH=/home/poonam/object_detection/install/turtlebot4_ignition_bringup:/home/poonam/object_detection/install/turtlebot4_ignition_toolbox:/home/poonam/object_detection/install/turtlebot4_ignition_gui_plugins:/opt/ros/humble /usr/bin/cmake --install /home/poonam/object_detection/build/turtlebot4_simulator
[14.479s] Level 1:colcon.colcon_core.environment:checking '/home/poonam/object_detection/install/turtlebot4_simulator' for CMake config files
[14.479s] Level 1:colcon.colcon_core.shell:create_environment_hook('turtlebot4_simulator', 'cmake_prefix_path')
[14.479s] INFO:colcon.colcon_core.shell:Creating environment hook '/home/poonam/object_detection/install/turtlebot4_simulator/share/turtlebot4_simulator/hook/cmake_prefix_path.ps1'
[14.480s] INFO:colcon.colcon_core.shell:Creating environment descriptor '/home/poonam/object_detection/install/turtlebot4_simulator/share/turtlebot4_simulator/hook/cmake_prefix_path.dsv'
[14.480s] INFO:colcon.colcon_core.shell:Creating environment hook '/home/poonam/object_detection/install/turtlebot4_simulator/share/turtlebot4_simulator/hook/cmake_prefix_path.sh'
[14.480s] Level 1:colcon.colcon_core.environment:checking '/home/poonam/object_detection/install/turtlebot4_simulator/bin'
[14.480s] Level 1:colcon.colcon_core.environment:checking '/home/poonam/object_detection/install/turtlebot4_simulator/lib/pkgconfig/turtlebot4_simulator.pc'
[14.481s] Level 1:colcon.colcon_core.environment:checking '/home/poonam/object_detection/install/turtlebot4_simulator/lib/python3.10/site-packages'
[14.481s] Level 1:colcon.colcon_core.environment:checking '/home/poonam/object_detection/install/turtlebot4_simulator/bin'
[14.481s] INFO:colcon.colcon_core.shell:Creating package script '/home/poonam/object_detection/install/turtlebot4_simulator/share/turtlebot4_simulator/package.ps1'
[14.481s] INFO:colcon.colcon_core.shell:Creating package descriptor '/home/poonam/object_detection/install/turtlebot4_simulator/share/turtlebot4_simulator/package.dsv'
[14.481s] INFO:colcon.colcon_core.shell:Creating package script '/home/poonam/object_detection/install/turtlebot4_simulator/share/turtlebot4_simulator/package.sh'
[14.482s] INFO:colcon.colcon_core.shell:Creating package script '/home/poonam/object_detection/install/turtlebot4_simulator/share/turtlebot4_simulator/package.bash'
[14.482s] INFO:colcon.colcon_core.shell:Creating package script '/home/poonam/object_detection/install/turtlebot4_simulator/share/turtlebot4_simulator/package.zsh'
[14.482s] Level 1:colcon.colcon_core.environment:create_file_with_runtime_dependencies(/home/poonam/object_detection/install/turtlebot4_simulator/share/colcon-core/packages/turtlebot4_simulator)
[14.482s] Level 1:colcon.colcon_core.environment:create_environment_scripts_only(turtlebot4_simulator)
[14.482s] Level 1:colcon.colcon_core.environment:checking '/home/poonam/object_detection/install/turtlebot4_simulator' for CMake module files
[14.483s] Level 1:colcon.colcon_core.environment:checking '/home/poonam/object_detection/install/turtlebot4_simulator' for CMake config files
[14.483s] Level 1:colcon.colcon_core.shell:create_environment_hook('turtlebot4_simulator', 'cmake_prefix_path')
[14.483s] INFO:colcon.colcon_core.shell:Creating environment hook '/home/poonam/object_detection/install/turtlebot4_simulator/share/turtlebot4_simulator/hook/cmake_prefix_path.ps1'
[14.483s] INFO:colcon.colcon_core.shell:Creating environment descriptor '/home/poonam/object_detection/install/turtlebot4_simulator/share/turtlebot4_simulator/hook/cmake_prefix_path.dsv'
[14.483s] INFO:colcon.colcon_core.shell:Creating environment hook '/home/poonam/object_detection/install/turtlebot4_simulator/share/turtlebot4_simulator/hook/cmake_prefix_path.sh'
[14.484s] Level 1:colcon.colcon_core.environment:checking '/home/poonam/object_detection/install/turtlebot4_simulator/bin'
[14.484s] Level 1:colcon.colcon_core.environment:checking '/home/poonam/object_detection/install/turtlebot4_simulator/lib/pkgconfig/turtlebot4_simulator.pc'
[14.484s] Level 1:colcon.colcon_core.environment:checking '/home/poonam/object_detection/install/turtlebot4_simulator/lib/python3.10/site-packages'
[14.484s] Level 1:colcon.colcon_core.environment:checking '/home/poonam/object_detection/install/turtlebot4_simulator/bin'
[14.484s] INFO:colcon.colcon_core.shell:Creating package script '/home/poonam/object_detection/install/turtlebot4_simulator/share/turtlebot4_simulator/package.ps1'
[14.484s] INFO:colcon.colcon_core.shell:Creating package descriptor '/home/poonam/object_detection/install/turtlebot4_simulator/share/turtlebot4_simulator/package.dsv'
[14.485s] INFO:colcon.colcon_core.shell:Creating package script '/home/poonam/object_detection/install/turtlebot4_simulator/share/turtlebot4_simulator/package.sh'
[14.485s] INFO:colcon.colcon_core.shell:Creating package script '/home/poonam/object_detection/install/turtlebot4_simulator/share/turtlebot4_simulator/package.bash'
[14.485s] INFO:colcon.colcon_core.shell:Creating package script '/home/poonam/object_detection/install/turtlebot4_simulator/share/turtlebot4_simulator/package.zsh'
[14.485s] Level 1:colcon.colcon_core.environment:create_file_with_runtime_dependencies(/home/poonam/object_detection/install/turtlebot4_simulator/share/colcon-core/packages/turtlebot4_simulator)
[14.485s] DEBUG:colcon.colcon_parallel_executor.executor.parallel:closing loop
[14.486s] DEBUG:colcon.colcon_parallel_executor.executor.parallel:loop closed
[14.486s] DEBUG:colcon.colcon_parallel_executor.executor.parallel:run_until_complete finished with '0'
[14.486s] DEBUG:colcon.colcon_core.event_reactor:joining thread
[14.490s] INFO:colcon.colcon_core.plugin_system:Skipping extension 'colcon_notification.desktop_notification.terminal_notifier': Not used on non-Darwin systems
[14.490s] INFO:colcon.colcon_core.plugin_system:Skipping extension 'colcon_notification.desktop_notification.win32': Not used on non-Windows systems
[14.490s] INFO:colcon.colcon_notification.desktop_notification:Sending desktop notification using 'notify2'
[14.505s] DEBUG:colcon.colcon_core.event_reactor:joined thread
[14.505s] INFO:colcon.colcon_core.shell:Creating prefix script '/home/poonam/object_detection/install/local_setup.ps1'
[14.506s] INFO:colcon.colcon_core.shell:Creating prefix util module '/home/poonam/object_detection/install/_local_setup_util_ps1.py'
[14.507s] INFO:colcon.colcon_core.shell:Creating prefix chain script '/home/poonam/object_detection/install/setup.ps1'
[14.508s] INFO:colcon.colcon_core.shell:Creating prefix script '/home/poonam/object_detection/install/local_setup.sh'
[14.508s] INFO:colcon.colcon_core.shell:Creating prefix util module '/home/poonam/object_detection/install/_local_setup_util_sh.py'
[14.509s] INFO:colcon.colcon_core.shell:Creating prefix chain script '/home/poonam/object_detection/install/setup.sh'
[14.510s] INFO:colcon.colcon_core.shell:Creating prefix script '/home/poonam/object_detection/install/local_setup.bash'
[14.510s] INFO:colcon.colcon_core.shell:Creating prefix chain script '/home/poonam/object_detection/install/setup.bash'
[14.511s] INFO:colcon.colcon_core.shell:Creating prefix script '/home/poonam/object_detection/install/local_setup.zsh'
[14.511s] INFO:colcon.colcon_core.shell:Creating prefix chain script '/home/poonam/object_detection/install/setup.zsh'
