[0.006s] Invoking command in '/home/poonam/object_detection/build/turtlebot4_simulator': AMENT_PREFIX_PATH=/home/poonam/object_detection/install/turtlebot4_ignition_bringup:/home/poonam/object_detection/install/turtlebot4_ignition_toolbox:/home/poonam/object_detection/install/turtlebot4_ignition_gui_plugins:${AMENT_PREFIX_PATH} CMAKE_PREFIX_PATH=/home/poonam/object_detection/install/turtlebot4_ignition_bringup:/home/poonam/object_detection/install/turtlebot4_ignition_toolbox:/home/poonam/object_detection/install/turtlebot4_ignition_gui_plugins:/opt/ros/humble /usr/bin/cmake /home/poonam/object_detection/src/turtlebot4_simulator/turtlebot4_simulator -DCMAKE_INSTALL_PREFIX=/home/poonam/object_detection/install/turtlebot4_simulator
[0.044s] -- The C compiler identification is GNU 11.4.0
[0.086s] -- The CXX compiler identification is GNU 11.4.0
[0.091s] -- Detecting C compiler ABI info
[0.145s] -- Detecting C compiler ABI info - done
[0.149s] -- Check for working C compiler: /usr/bin/cc - skipped
[0.149s] -- Detecting C compile features
[0.150s] -- Detecting C compile features - done
[0.152s] -- Detecting CXX compiler ABI info
[0.205s] -- Detecting CXX compiler ABI info - done
[0.210s] -- Check for working CXX compiler: /usr/bin/c++ - skipped
[0.210s] -- Detecting CXX compile features
[0.210s] -- Detecting CXX compile features - done
[0.212s] -- Found ament_cmake: 1.3.11 (/opt/ros/humble/share/ament_cmake/cmake)
[0.311s] -- Found Python3: /usr/bin/python3 (found version "3.10.12") found components: Interpreter 
[0.417s] -- Configuring done
[0.418s] -- Generating done
[0.419s] -- Build files have been written to: /home/poonam/object_detection/build/turtlebot4_simulator
[0.422s] Invoked command in '/home/poonam/object_detection/build/turtlebot4_simulator' returned '0': AMENT_PREFIX_PATH=/home/poonam/object_detection/install/turtlebot4_ignition_bringup:/home/poonam/object_detection/install/turtlebot4_ignition_toolbox:/home/poonam/object_detection/install/turtlebot4_ignition_gui_plugins:${AMENT_PREFIX_PATH} CMAKE_PREFIX_PATH=/home/poonam/object_detection/install/turtlebot4_ignition_bringup:/home/poonam/object_detection/install/turtlebot4_ignition_toolbox:/home/poonam/object_detection/install/turtlebot4_ignition_gui_plugins:/opt/ros/humble /usr/bin/cmake /home/poonam/object_detection/src/turtlebot4_simulator/turtlebot4_simulator -DCMAKE_INSTALL_PREFIX=/home/poonam/object_detection/install/turtlebot4_simulator
[0.423s] Invoking command in '/home/poonam/object_detection/build/turtlebot4_simulator': AMENT_PREFIX_PATH=/home/poonam/object_detection/install/turtlebot4_ignition_bringup:/home/poonam/object_detection/install/turtlebot4_ignition_toolbox:/home/poonam/object_detection/install/turtlebot4_ignition_gui_plugins:${AMENT_PREFIX_PATH} CMAKE_PREFIX_PATH=/home/poonam/object_detection/install/turtlebot4_ignition_bringup:/home/poonam/object_detection/install/turtlebot4_ignition_toolbox:/home/poonam/object_detection/install/turtlebot4_ignition_gui_plugins:/opt/ros/humble /usr/bin/cmake --build /home/poonam/object_detection/build/turtlebot4_simulator -- -j8 -l8
[0.454s] Invoked command in '/home/poonam/object_detection/build/turtlebot4_simulator' returned '0': AMENT_PREFIX_PATH=/home/poonam/object_detection/install/turtlebot4_ignition_bringup:/home/poonam/object_detection/install/turtlebot4_ignition_toolbox:/home/poonam/object_detection/install/turtlebot4_ignition_gui_plugins:${AMENT_PREFIX_PATH} CMAKE_PREFIX_PATH=/home/poonam/object_detection/install/turtlebot4_ignition_bringup:/home/poonam/object_detection/install/turtlebot4_ignition_toolbox:/home/poonam/object_detection/install/turtlebot4_ignition_gui_plugins:/opt/ros/humble /usr/bin/cmake --build /home/poonam/object_detection/build/turtlebot4_simulator -- -j8 -l8
[0.455s] Invoking command in '/home/poonam/object_detection/build/turtlebot4_simulator': AMENT_PREFIX_PATH=/home/poonam/object_detection/install/turtlebot4_ignition_bringup:/home/poonam/object_detection/install/turtlebot4_ignition_toolbox:/home/poonam/object_detection/install/turtlebot4_ignition_gui_plugins:${AMENT_PREFIX_PATH} CMAKE_PREFIX_PATH=/home/poonam/object_detection/install/turtlebot4_ignition_bringup:/home/poonam/object_detection/install/turtlebot4_ignition_toolbox:/home/poonam/object_detection/install/turtlebot4_ignition_gui_plugins:/opt/ros/humble /usr/bin/cmake --install /home/poonam/object_detection/build/turtlebot4_simulator
[0.463s] -- Install configuration: ""
[0.463s] -- Installing: /home/poonam/object_detection/install/turtlebot4_simulator/share/ament_index/resource_index/package_run_dependencies/turtlebot4_simulator
[0.463s] -- Installing: /home/poonam/object_detection/install/turtlebot4_simulator/share/ament_index/resource_index/parent_prefix_path/turtlebot4_simulator
[0.463s] -- Installing: /home/poonam/object_detection/install/turtlebot4_simulator/share/turtlebot4_simulator/environment/ament_prefix_path.sh
[0.463s] -- Installing: /home/poonam/object_detection/install/turtlebot4_simulator/share/turtlebot4_simulator/environment/ament_prefix_path.dsv
[0.463s] -- Installing: /home/poonam/object_detection/install/turtlebot4_simulator/share/turtlebot4_simulator/environment/path.sh
[0.463s] -- Installing: /home/poonam/object_detection/install/turtlebot4_simulator/share/turtlebot4_simulator/environment/path.dsv
[0.463s] -- Installing: /home/poonam/object_detection/install/turtlebot4_simulator/share/turtlebot4_simulator/local_setup.bash
[0.463s] -- Installing: /home/poonam/object_detection/install/turtlebot4_simulator/share/turtlebot4_simulator/local_setup.sh
[0.464s] -- Installing: /home/poonam/object_detection/install/turtlebot4_simulator/share/turtlebot4_simulator/local_setup.zsh
[0.464s] -- Installing: /home/poonam/object_detection/install/turtlebot4_simulator/share/turtlebot4_simulator/local_setup.dsv
[0.464s] -- Installing: /home/poonam/object_detection/install/turtlebot4_simulator/share/turtlebot4_simulator/package.dsv
[0.464s] -- Installing: /home/poonam/object_detection/install/turtlebot4_simulator/share/ament_index/resource_index/packages/turtlebot4_simulator
[0.464s] -- Installing: /home/poonam/object_detection/install/turtlebot4_simulator/share/turtlebot4_simulator/cmake/turtlebot4_simulatorConfig.cmake
[0.464s] -- Installing: /home/poonam/object_detection/install/turtlebot4_simulator/share/turtlebot4_simulator/cmake/turtlebot4_simulatorConfig-version.cmake
[0.464s] -- Installing: /home/poonam/object_detection/install/turtlebot4_simulator/share/turtlebot4_simulator/package.xml
[0.466s] Invoked command in '/home/poonam/object_detection/build/turtlebot4_simulator' returned '0': AMENT_PREFIX_PATH=/home/poonam/object_detection/install/turtlebot4_ignition_bringup:/home/poonam/object_detection/install/turtlebot4_ignition_toolbox:/home/poonam/object_detection/install/turtlebot4_ignition_gui_plugins:${AMENT_PREFIX_PATH} CMAKE_PREFIX_PATH=/home/poonam/object_detection/install/turtlebot4_ignition_bringup:/home/poonam/object_detection/install/turtlebot4_ignition_toolbox:/home/poonam/object_detection/install/turtlebot4_ignition_gui_plugins:/opt/ros/humble /usr/bin/cmake --install /home/poonam/object_detection/build/turtlebot4_simulator
